15/06/2018 00:14:05
picam
Setting pipeline to PAUSED ...
Pipeline is PREROLLING ...
/GstPipeline:pipeline0/GstH264Parse:h264parse0.GstPad:src: caps = video/x-h264, width=(int)1280, height=(int)720, framerate=(fraction)0/1, parsed=(boolean)true, stream-format=(string)avc, alignment=(string)au, profile=(string)high, level=(string)4, codec_data=(buffer)01640028ffe1000e27640028ac2b402802dd00f1226a01000528ee025cb0
/GstPipeline:pipeline0/GstRtpH264Pay:rtph264pay0.GstPad:src: caps = application/x-rtp, media=(string)video, clock-rate=(int)90000, encoding-name=(string)H264, packetization-mode=(string)1, profile-level-id=(string)640028, sprop-parameter-sets=(string)"J2QAKKwrQCgC3QDxImo\=\,KO4CXLA\=", payload=(int)96, ssrc=(uint)2302775422, timestamp-offset=(uint)4014725297, seqnum-offset=(uint)191
/GstPipeline:pipeline0/GstUDPSink:udpsink0.GstPad:sink: caps = application/x-rtp, media=(string)video, clock-rate=(int)90000, encoding-name=(string)H264, packetization-mode=(string)1, profile-level-id=(string)640028, sprop-parameter-sets=(string)"J2QAKKwrQCgC3QDxImo\=\,KO4CXLA\=", payload=(int)96, ssrc=(uint)2302775422, timestamp-offset=(uint)4014725297, seqnum-offset=(uint)191
/GstPipeline:pipeline0/GstRtpH264Pay:rtph264pay0.GstPad:sink: caps = video/x-h264, width=(int)1280, height=(int)720, framerate=(fraction)0/1, parsed=(boolean)true, stream-format=(string)avc, alignment=(string)au, profile=(string)high, level=(string)4, codec_data=(buffer)01640028ffe1000e27640028ac2b402802dd00f1226a01000528ee025cb0
/GstPipeline:pipeline0/GstRtpH264Pay:rtph264pay0: timestamp = 4014725297
/GstPipeline:pipeline0/GstRtpH264Pay:rtph264pay0: seqnum = 191
Pipeline is PREROLLED ...
Setting pipeline to PLAYING ...
New clock: GstSystemClock
mmal: Aborting program

handling interrupt.
Interrupt: Stopping pipeline ...
Execution ended after 0:00:03.333283680
Setting pipeline to PAUSED ...
Setting pipeline to READY ...
Setting pipeline to NULL ...
Freeing pipeline ...
